********************************************************************************
DUPLICATOR-LITE PACKAGE-LOG: 26.06.2023 14:52
NOTICE: Do NOT post to public sites or forums 
********************************************************************************
VERSION:	1.5.2.1
WORDPRESS:	6.2.2
PHP INFO:	7.4.4 | SAPI: cgi-fcgi
SERVER:		nginx/1.22.0 
PHP TIME LIMIT: (0) no time limit imposed 
PHP MAX MEMORY: 4294967296 (512M default) 
MEMORY STACK: 6MB

********************************************************************************
DATABASE:
********************************************************************************
BUILD MODE:   PHP(query limit - 100)
MYSQLTIMEOUT: 5000
MYSQLDUMP:    Not Supported
TABLES: total:26 | filtered:0 | create:26
FILTERED: []
SQL CREATED: 20230623_cleantheme04_faeac6d6095198073710_20230626145053_database.sql
SQL FILE SIZE: 2.14MB (2248411)
SQL FILE TIME: 2023-06-26 14:52:30
SQL RUNTIME: 1.55 sec.

********************************************************************************
ARCHIVE (ZIP):
********************************************************************************
ARCHIVE DIR:  E:/laragon/www/umind
ARCHIVE FILE: 20230623_cleantheme04_faeac6d6095198073710_20230626145053_archive.zip
FILTERS: *OFF*
DIRS:
	not set
FILES:
	not set
EXTS:  not set
----------------------------------------
COMPRESSING
SIZE:	382.22MB
STATS:	Dirs 5,237 | Files 34,050
SQL ADDED: 20230623_cleantheme04_faeac6d6095198073710_20230626145053_database.sql
ZipArchive Object
(
    [status] => 0
    [statusSys] => 0
    [numFiles] => 39287
    [filename] => E:\laragon\www\umind\wp-content\backups-dup-lite\tmp\20230623_cleantheme04_faeac6d6095198073710_20230626145053_archive.zip
    [comment] => 
)

FILE ADDED TO ZIP: 39286
COMPRESSION RESULT: '1'
COMPRESSED SIZE: 136.46MB
ARCHIVE RUNTIME: 866.08 sec.
MEMORY STACK: 20MB
building installer
ARCHIVE CONSISTENCY TEST: PASS

********************************************************************************
INTEGRITY CHECKS:
********************************************************************************
SQL FILE: 2.14MB
INSTALLER FILE: 73.35KB
ARCHIVE FILE: 138.85MB 
EXPECTED FILE/DIRECTORY COUNT: 39,287
ACTUAL FILE/DIRECTORY COUNT: 39,286
ARCHIVE CONSISTENCY TEST: Pass

********************************************************************************
RECORD ID:[3]
TOTAL PROCESS RUNTIME: 880.61 sec.
PEAK PHP MEMORY USED: 30MB
DONE PROCESSING => 20230623_cleantheme04 26.06.2023 15:07

